Mensaje I / 00:00:00:000 / Root(00) para top(01)
Mensaje I / 00:00:00:000 / top(01) para inputbuffer(02)
Mensaje I / 00:00:00:000 / top(01) para bgpprocessor(03)
Mensaje D / 00:00:00:000 / inputbuffer(02) / ... para top(01)
Mensaje D / 00:00:00:000 / bgpprocessor(03) / 00:00:00:000 para top(01)
Mensaje D / 00:00:00:000 / top(01) / 00:00:00:000 para Root(00)
Mensaje * / 00:00:00:000 / Root(00) para top(01)
Mensaje * / 00:00:00:000 / top(01) para bgpprocessor(03)
Mensaje Y / 00:00:00:000 / bgpprocessor(03) / processorout2 /      1.00000 para top(01)
Mensaje D / 00:00:00:000 / bgpprocessor(03) / ... para top(01)
Mensaje X / 00:00:00:000 / top(01) / reqin /      1.00000 para inputbuffer(02)
Mensaje D / 00:00:00:000 / inputbuffer(02) / ... para top(01)
Mensaje D / 00:00:00:000 / top(01) / ... para Root(00)
Mensaje X / 00:00:00:015 / Root(00) / in /      1.00000 para top(01)
Mensaje X / 00:00:00:015 / top(01) / in1 /      1.00000 para inputbuffer(02)
Mensaje D / 00:00:00:015 / inputbuffer(02) / 00:00:00:000 para top(01)
Mensaje D / 00:00:00:015 / top(01) / 00:00:00:000 para Root(00)
Mensaje * / 00:00:00:015 / Root(00) para top(01)
Mensaje * / 00:00:00:015 / top(01) para inputbuffer(02)
Mensaje D / 00:00:00:015 / inputbuffer(02) / 00:00:00:000 para top(01)
Mensaje D / 00:00:00:015 / top(01) / 00:00:00:000 para Root(00)
Mensaje * / 00:00:00:015 / Root(00) para top(01)
Mensaje * / 00:00:00:015 / top(01) para inputbuffer(02)
Mensaje D / 00:00:00:015 / inputbuffer(02) / 00:00:00:000 para top(01)
Mensaje D / 00:00:00:015 / top(01) / 00:00:00:000 para Root(00)
Mensaje * / 00:00:00:015 / Root(00) para top(01)
Mensaje * / 00:00:00:015 / top(01) para inputbuffer(02)
Mensaje Y / 00:00:00:015 / inputbuffer(02) / out1 /      1.00000 para top(01)
Mensaje D / 00:00:00:015 / inputbuffer(02) / 00:00:00:000 para top(01)
Mensaje X / 00:00:00:015 / top(01) / processorin1 /      1.00000 para bgpprocessor(03)
Mensaje D / 00:00:00:015 / bgpprocessor(03) / 00:00:00:010 para top(01)
Mensaje D / 00:00:00:015 / top(01) / 00:00:00:000 para Root(00)
Mensaje * / 00:00:00:015 / Root(00) para top(01)
Mensaje * / 00:00:00:015 / top(01) para inputbuffer(02)
Mensaje D / 00:00:00:015 / inputbuffer(02) / ... para top(01)
Mensaje D / 00:00:00:015 / top(01) / 00:00:00:010 para Root(00)
Mensaje * / 00:00:00:025 / Root(00) para top(01)
Mensaje * / 00:00:00:025 / top(01) para bgpprocessor(03)
Mensaje Y / 00:00:00:025 / bgpprocessor(03) / processorout1 /      1.00000 para top(01)
Mensaje Y / 00:00:00:025 / bgpprocessor(03) / processorout2 /      1.00000 para top(01)
Mensaje D / 00:00:00:025 / bgpprocessor(03) / 00:00:00:000 para top(01)
Mensaje Y / 00:00:00:025 / top(01) / out /      1.00000 para Root(00)
Mensaje X / 00:00:00:025 / top(01) / reqin /      1.00000 para inputbuffer(02)
Mensaje D / 00:00:00:025 / inputbuffer(02) / ... para top(01)
Mensaje D / 00:00:00:025 / top(01) / 00:00:00:000 para Root(00)
Mensaje * / 00:00:00:025 / Root(00) para top(01)
Mensaje * / 00:00:00:025 / top(01) para bgpprocessor(03)
Mensaje D / 00:00:00:025 / bgpprocessor(03) / ... para top(01)
Mensaje D / 00:00:00:025 / top(01) / ... para Root(00)
Mensaje X / 00:00:00:045 / Root(00) / in /      3.00000 para top(01)
Mensaje X / 00:00:00:045 / top(01) / in1 /      3.00000 para inputbuffer(02)
Mensaje D / 00:00:00:045 / inputbuffer(02) / 00:00:00:000 para top(01)
Mensaje D / 00:00:00:045 / top(01) / 00:00:00:000 para Root(00)
Mensaje * / 00:00:00:045 / Root(00) para top(01)
Mensaje * / 00:00:00:045 / top(01) para inputbuffer(02)
Mensaje D / 00:00:00:045 / inputbuffer(02) / 00:00:00:000 para top(01)
Mensaje D / 00:00:00:045 / top(01) / 00:00:00:000 para Root(00)
Mensaje * / 00:00:00:045 / Root(00) para top(01)
Mensaje * / 00:00:00:045 / top(01) para inputbuffer(02)
Mensaje D / 00:00:00:045 / inputbuffer(02) / 00:00:00:000 para top(01)
Mensaje D / 00:00:00:045 / top(01) / 00:00:00:000 para Root(00)
Mensaje * / 00:00:00:045 / Root(00) para top(01)
Mensaje * / 00:00:00:045 / top(01) para inputbuffer(02)
Mensaje Y / 00:00:00:045 / inputbuffer(02) / out1 /      3.00000 para top(01)
Mensaje D / 00:00:00:045 / inputbuffer(02) / 00:00:00:000 para top(01)
Mensaje X / 00:00:00:045 / top(01) / processorin1 /      3.00000 para bgpprocessor(03)
Mensaje D / 00:00:00:045 / bgpprocessor(03) / 00:00:00:010 para top(01)
Mensaje D / 00:00:00:045 / top(01) / 00:00:00:000 para Root(00)
Mensaje * / 00:00:00:045 / Root(00) para top(01)
Mensaje * / 00:00:00:045 / top(01) para inputbuffer(02)
Mensaje D / 00:00:00:045 / inputbuffer(02) / ... para top(01)
Mensaje D / 00:00:00:045 / top(01) / 00:00:00:010 para Root(00)
Mensaje X / 00:00:00:055 / Root(00) / in /      4.00000 para top(01)
Mensaje X / 00:00:00:055 / top(01) / in1 /      4.00000 para inputbuffer(02)
Mensaje D / 00:00:00:055 / inputbuffer(02) / 00:00:00:000 para top(01)
Mensaje D / 00:00:00:055 / top(01) / 00:00:00:000 para Root(00)
Mensaje * / 00:00:00:055 / Root(00) para top(01)
Mensaje * / 00:00:00:055 / top(01) para inputbuffer(02)
Mensaje D / 00:00:00:055 / inputbuffer(02) / 00:00:00:000 para top(01)
Mensaje D / 00:00:00:055 / top(01) / 00:00:00:000 para Root(00)
Mensaje * / 00:00:00:055 / Root(00) para top(01)
Mensaje * / 00:00:00:055 / top(01) para inputbuffer(02)
Mensaje D / 00:00:00:055 / inputbuffer(02) / ... para top(01)
Mensaje D / 00:00:00:055 / top(01) / 00:00:00:000 para Root(00)
Mensaje * / 00:00:00:055 / Root(00) para top(01)
Mensaje * / 00:00:00:055 / top(01) para bgpprocessor(03)
Mensaje Y / 00:00:00:055 / bgpprocessor(03) / processorout1 /      3.00000 para top(01)
Mensaje Y / 00:00:00:055 / bgpprocessor(03) / processorout2 /      1.00000 para top(01)
Mensaje D / 00:00:00:055 / bgpprocessor(03) / 00:00:00:000 para top(01)
Mensaje Y / 00:00:00:055 / top(01) / out /      3.00000 para Root(00)
Mensaje X / 00:00:00:055 / top(01) / reqin /      1.00000 para inputbuffer(02)
Mensaje D / 00:00:00:055 / inputbuffer(02) / 00:00:00:000 para top(01)
Mensaje D / 00:00:00:055 / top(01) / 00:00:00:000 para Root(00)
Mensaje * / 00:00:00:055 / Root(00) para top(01)
Mensaje * / 00:00:00:055 / top(01) para inputbuffer(02)
Mensaje Y / 00:00:00:055 / inputbuffer(02) / out1 /      4.00000 para top(01)
Mensaje D / 00:00:00:055 / inputbuffer(02) / 00:00:00:000 para top(01)
Mensaje X / 00:00:00:055 / top(01) / processorin1 /      4.00000 para bgpprocessor(03)
Mensaje D / 00:00:00:055 / bgpprocessor(03) / 00:00:00:010 para top(01)
Mensaje D / 00:00:00:055 / top(01) / 00:00:00:000 para Root(00)
Mensaje * / 00:00:00:055 / Root(00) para top(01)
Mensaje * / 00:00:00:055 / top(01) para inputbuffer(02)
Mensaje D / 00:00:00:055 / inputbuffer(02) / ... para top(01)
Mensaje D / 00:00:00:055 / top(01) / 00:00:00:010 para Root(00)
Mensaje * / 00:00:00:065 / Root(00) para top(01)
Mensaje * / 00:00:00:065 / top(01) para bgpprocessor(03)
Mensaje Y / 00:00:00:065 / bgpprocessor(03) / processorout1 /      4.00000 para top(01)
Mensaje Y / 00:00:00:065 / bgpprocessor(03) / processorout2 /      1.00000 para top(01)
Mensaje D / 00:00:00:065 / bgpprocessor(03) / 00:00:00:000 para top(01)
Mensaje Y / 00:00:00:065 / top(01) / out /      4.00000 para Root(00)
Mensaje X / 00:00:00:065 / top(01) / reqin /      1.00000 para inputbuffer(02)
Mensaje D / 00:00:00:065 / inputbuffer(02) / ... para top(01)
Mensaje D / 00:00:00:065 / top(01) / 00:00:00:000 para Root(00)
Mensaje * / 00:00:00:065 / Root(00) para top(01)
Mensaje * / 00:00:00:065 / top(01) para bgpprocessor(03)
Mensaje D / 00:00:00:065 / bgpprocessor(03) / ... para top(01)
Mensaje D / 00:00:00:065 / top(01) / ... para Root(00)
Mensaje X / 00:00:00:075 / Root(00) / in /      1.00000 para top(01)
Mensaje X / 00:00:00:075 / top(01) / in1 /      1.00000 para inputbuffer(02)
Mensaje D / 00:00:00:075 / inputbuffer(02) / 00:00:00:000 para top(01)
Mensaje D / 00:00:00:075 / top(01) / 00:00:00:000 para Root(00)
Mensaje * / 00:00:00:075 / Root(00) para top(01)
Mensaje * / 00:00:00:075 / top(01) para inputbuffer(02)
Mensaje D / 00:00:00:075 / inputbuffer(02) / 00:00:00:000 para top(01)
Mensaje D / 00:00:00:075 / top(01) / 00:00:00:000 para Root(00)
Mensaje * / 00:00:00:075 / Root(00) para top(01)
Mensaje * / 00:00:00:075 / top(01) para inputbuffer(02)
Mensaje D / 00:00:00:075 / inputbuffer(02) / 00:00:00:000 para top(01)
Mensaje D / 00:00:00:075 / top(01) / 00:00:00:000 para Root(00)
Mensaje * / 00:00:00:075 / Root(00) para top(01)
Mensaje * / 00:00:00:075 / top(01) para inputbuffer(02)
Mensaje Y / 00:00:00:075 / inputbuffer(02) / out1 /      1.00000 para top(01)
Mensaje D / 00:00:00:075 / inputbuffer(02) / 00:00:00:000 para top(01)
Mensaje X / 00:00:00:075 / top(01) / processorin1 /      1.00000 para bgpprocessor(03)
Mensaje D / 00:00:00:075 / bgpprocessor(03) / 00:00:00:010 para top(01)
Mensaje D / 00:00:00:075 / top(01) / 00:00:00:000 para Root(00)
Mensaje * / 00:00:00:075 / Root(00) para top(01)
Mensaje * / 00:00:00:075 / top(01) para inputbuffer(02)
Mensaje D / 00:00:00:075 / inputbuffer(02) / ... para top(01)
Mensaje D / 00:00:00:075 / top(01) / 00:00:00:010 para Root(00)
Mensaje * / 00:00:00:085 / Root(00) para top(01)
Mensaje * / 00:00:00:085 / top(01) para bgpprocessor(03)
Mensaje Y / 00:00:00:085 / bgpprocessor(03) / processorout2 /      1.00000 para top(01)
Mensaje D / 00:00:00:085 / bgpprocessor(03) / 00:00:00:000 para top(01)
Mensaje X / 00:00:00:085 / top(01) / reqin /      1.00000 para inputbuffer(02)
Mensaje D / 00:00:00:085 / inputbuffer(02) / ... para top(01)
Mensaje D / 00:00:00:085 / top(01) / 00:00:00:000 para Root(00)
Mensaje * / 00:00:00:085 / Root(00) para top(01)
Mensaje * / 00:00:00:085 / top(01) para bgpprocessor(03)
Mensaje D / 00:00:00:085 / bgpprocessor(03) / ... para top(01)
Mensaje D / 00:00:00:085 / top(01) / ... para Root(00)
Mensaje X / 00:00:00:095 / Root(00) / in /      5.00000 para top(01)
Mensaje X / 00:00:00:095 / top(01) / in1 /      5.00000 para inputbuffer(02)
Mensaje D / 00:00:00:095 / inputbuffer(02) / 00:00:00:000 para top(01)
Mensaje D / 00:00:00:095 / top(01) / 00:00:00:000 para Root(00)
Mensaje * / 00:00:00:095 / Root(00) para top(01)
Mensaje * / 00:00:00:095 / top(01) para inputbuffer(02)
Mensaje D / 00:00:00:095 / inputbuffer(02) / 00:00:00:000 para top(01)
Mensaje D / 00:00:00:095 / top(01) / 00:00:00:000 para Root(00)
Mensaje * / 00:00:00:095 / Root(00) para top(01)
Mensaje * / 00:00:00:095 / top(01) para inputbuffer(02)
Mensaje D / 00:00:00:095 / inputbuffer(02) / 00:00:00:000 para top(01)
Mensaje D / 00:00:00:095 / top(01) / 00:00:00:000 para Root(00)
Mensaje * / 00:00:00:095 / Root(00) para top(01)
Mensaje * / 00:00:00:095 / top(01) para inputbuffer(02)
Mensaje Y / 00:00:00:095 / inputbuffer(02) / out1 /      5.00000 para top(01)
Mensaje D / 00:00:00:095 / inputbuffer(02) / 00:00:00:000 para top(01)
Mensaje X / 00:00:00:095 / top(01) / processorin1 /      5.00000 para bgpprocessor(03)
Mensaje D / 00:00:00:095 / bgpprocessor(03) / 00:00:00:010 para top(01)
Mensaje D / 00:00:00:095 / top(01) / 00:00:00:000 para Root(00)
Mensaje * / 00:00:00:095 / Root(00) para top(01)
Mensaje * / 00:00:00:095 / top(01) para inputbuffer(02)
Mensaje D / 00:00:00:095 / inputbuffer(02) / ... para top(01)
Mensaje D / 00:00:00:095 / top(01) / 00:00:00:010 para Root(00)
Mensaje * / 00:00:00:105 / Root(00) para top(01)
Mensaje * / 00:00:00:105 / top(01) para bgpprocessor(03)
Mensaje Y / 00:00:00:105 / bgpprocessor(03) / processorout1 /      5.00000 para top(01)
Mensaje Y / 00:00:00:105 / bgpprocessor(03) / processorout2 /      1.00000 para top(01)
Mensaje D / 00:00:00:105 / bgpprocessor(03) / 00:00:00:000 para top(01)
Mensaje Y / 00:00:00:105 / top(01) / out /      5.00000 para Root(00)
Mensaje X / 00:00:00:105 / top(01) / reqin /      1.00000 para inputbuffer(02)
Mensaje D / 00:00:00:105 / inputbuffer(02) / ... para top(01)
Mensaje D / 00:00:00:105 / top(01) / 00:00:00:000 para Root(00)
Mensaje * / 00:00:00:105 / Root(00) para top(01)
Mensaje * / 00:00:00:105 / top(01) para bgpprocessor(03)
Mensaje D / 00:00:00:105 / bgpprocessor(03) / ... para top(01)
Mensaje D / 00:00:00:105 / top(01) / ... para Root(00)
Mensaje X / 00:00:01:005 / Root(00) / in /      6.00000 para top(01)
Mensaje X / 00:00:01:005 / top(01) / in1 /      6.00000 para inputbuffer(02)
Mensaje D / 00:00:01:005 / inputbuffer(02) / 00:00:00:000 para top(01)
Mensaje D / 00:00:01:005 / top(01) / 00:00:00:000 para Root(00)
Mensaje * / 00:00:01:005 / Root(00) para top(01)
Mensaje * / 00:00:01:005 / top(01) para inputbuffer(02)
Mensaje D / 00:00:01:005 / inputbuffer(02) / 00:00:00:000 para top(01)
Mensaje D / 00:00:01:005 / top(01) / 00:00:00:000 para Root(00)
Mensaje * / 00:00:01:005 / Root(00) para top(01)
Mensaje * / 00:00:01:005 / top(01) para inputbuffer(02)
Mensaje D / 00:00:01:005 / inputbuffer(02) / 00:00:00:000 para top(01)
Mensaje D / 00:00:01:005 / top(01) / 00:00:00:000 para Root(00)
Mensaje * / 00:00:01:005 / Root(00) para top(01)
Mensaje * / 00:00:01:005 / top(01) para inputbuffer(02)
Mensaje Y / 00:00:01:005 / inputbuffer(02) / out1 /      6.00000 para top(01)
Mensaje D / 00:00:01:005 / inputbuffer(02) / 00:00:00:000 para top(01)
Mensaje X / 00:00:01:005 / top(01) / processorin1 /      6.00000 para bgpprocessor(03)
Mensaje D / 00:00:01:005 / bgpprocessor(03) / 00:00:00:010 para top(01)
Mensaje D / 00:00:01:005 / top(01) / 00:00:00:000 para Root(00)
Mensaje * / 00:00:01:005 / Root(00) para top(01)
Mensaje * / 00:00:01:005 / top(01) para inputbuffer(02)
Mensaje D / 00:00:01:005 / inputbuffer(02) / ... para top(01)
Mensaje D / 00:00:01:005 / top(01) / 00:00:00:010 para Root(00)
Mensaje * / 00:00:01:015 / Root(00) para top(01)
Mensaje * / 00:00:01:015 / top(01) para bgpprocessor(03)
Mensaje Y / 00:00:01:015 / bgpprocessor(03) / processorout1 /      6.00000 para top(01)
Mensaje Y / 00:00:01:015 / bgpprocessor(03) / processorout2 /      1.00000 para top(01)
Mensaje D / 00:00:01:015 / bgpprocessor(03) / 00:00:00:000 para top(01)
Mensaje Y / 00:00:01:015 / top(01) / out /      6.00000 para Root(00)
Mensaje X / 00:00:01:015 / top(01) / reqin /      1.00000 para inputbuffer(02)
Mensaje D / 00:00:01:015 / inputbuffer(02) / ... para top(01)
Mensaje D / 00:00:01:015 / top(01) / 00:00:00:000 para Root(00)
Mensaje * / 00:00:01:015 / Root(00) para top(01)
Mensaje * / 00:00:01:015 / top(01) para bgpprocessor(03)
Mensaje D / 00:00:01:015 / bgpprocessor(03) / ... para top(01)
Mensaje D / 00:00:01:015 / top(01) / ... para Root(00)
Mensaje X / 00:00:01:025 / Root(00) / in /      5.00000 para top(01)
Mensaje X / 00:00:01:025 / top(01) / in1 /      5.00000 para inputbuffer(02)
Mensaje D / 00:00:01:025 / inputbuffer(02) / 00:00:00:000 para top(01)
Mensaje D / 00:00:01:025 / top(01) / 00:00:00:000 para Root(00)
Mensaje * / 00:00:01:025 / Root(00) para top(01)
Mensaje * / 00:00:01:025 / top(01) para inputbuffer(02)
Mensaje D / 00:00:01:025 / inputbuffer(02) / 00:00:00:000 para top(01)
Mensaje D / 00:00:01:025 / top(01) / 00:00:00:000 para Root(00)
Mensaje * / 00:00:01:025 / Root(00) para top(01)
Mensaje * / 00:00:01:025 / top(01) para inputbuffer(02)
Mensaje D / 00:00:01:025 / inputbuffer(02) / 00:00:00:000 para top(01)
Mensaje D / 00:00:01:025 / top(01) / 00:00:00:000 para Root(00)
Mensaje * / 00:00:01:025 / Root(00) para top(01)
Mensaje * / 00:00:01:025 / top(01) para inputbuffer(02)
Mensaje Y / 00:00:01:025 / inputbuffer(02) / out1 /      5.00000 para top(01)
Mensaje D / 00:00:01:025 / inputbuffer(02) / 00:00:00:000 para top(01)
Mensaje X / 00:00:01:025 / top(01) / processorin1 /      5.00000 para bgpprocessor(03)
Mensaje D / 00:00:01:025 / bgpprocessor(03) / 00:00:00:010 para top(01)
Mensaje D / 00:00:01:025 / top(01) / 00:00:00:000 para Root(00)
Mensaje * / 00:00:01:025 / Root(00) para top(01)
Mensaje * / 00:00:01:025 / top(01) para inputbuffer(02)
Mensaje D / 00:00:01:025 / inputbuffer(02) / ... para top(01)
Mensaje D / 00:00:01:025 / top(01) / 00:00:00:010 para Root(00)
Mensaje * / 00:00:01:035 / Root(00) para top(01)
Mensaje * / 00:00:01:035 / top(01) para bgpprocessor(03)
Mensaje Y / 00:00:01:035 / bgpprocessor(03) / processorout2 /      1.00000 para top(01)
Mensaje D / 00:00:01:035 / bgpprocessor(03) / 00:00:00:000 para top(01)
Mensaje X / 00:00:01:035 / top(01) / reqin /      1.00000 para inputbuffer(02)
Mensaje D / 00:00:01:035 / inputbuffer(02) / ... para top(01)
Mensaje D / 00:00:01:035 / top(01) / 00:00:00:000 para Root(00)
Mensaje * / 00:00:01:035 / Root(00) para top(01)
Mensaje * / 00:00:01:035 / top(01) para bgpprocessor(03)
Mensaje D / 00:00:01:035 / bgpprocessor(03) / ... para top(01)
Mensaje D / 00:00:01:035 / top(01) / ... para Root(00)
Mensaje X / 00:00:01:040 / Root(00) / in /      5.00000 para top(01)
Mensaje X / 00:00:01:040 / top(01) / in1 /      5.00000 para inputbuffer(02)
Mensaje D / 00:00:01:040 / inputbuffer(02) / 00:00:00:000 para top(01)
Mensaje D / 00:00:01:040 / top(01) / 00:00:00:000 para Root(00)
Mensaje * / 00:00:01:040 / Root(00) para top(01)
Mensaje * / 00:00:01:040 / top(01) para inputbuffer(02)
Mensaje D / 00:00:01:040 / inputbuffer(02) / 00:00:00:000 para top(01)
Mensaje D / 00:00:01:040 / top(01) / 00:00:00:000 para Root(00)
Mensaje * / 00:00:01:040 / Root(00) para top(01)
Mensaje * / 00:00:01:040 / top(01) para inputbuffer(02)
Mensaje D / 00:00:01:040 / inputbuffer(02) / 00:00:00:000 para top(01)
Mensaje D / 00:00:01:040 / top(01) / 00:00:00:000 para Root(00)
Mensaje * / 00:00:01:040 / Root(00) para top(01)
Mensaje * / 00:00:01:040 / top(01) para inputbuffer(02)
Mensaje Y / 00:00:01:040 / inputbuffer(02) / out1 /      5.00000 para top(01)
Mensaje D / 00:00:01:040 / inputbuffer(02) / 00:00:00:000 para top(01)
Mensaje X / 00:00:01:040 / top(01) / processorin1 /      5.00000 para bgpprocessor(03)
Mensaje D / 00:00:01:040 / bgpprocessor(03) / 00:00:00:010 para top(01)
Mensaje D / 00:00:01:040 / top(01) / 00:00:00:000 para Root(00)
Mensaje * / 00:00:01:040 / Root(00) para top(01)
Mensaje * / 00:00:01:040 / top(01) para inputbuffer(02)
Mensaje D / 00:00:01:040 / inputbuffer(02) / ... para top(01)
Mensaje D / 00:00:01:040 / top(01) / 00:00:00:010 para Root(00)
Mensaje * / 00:00:01:050 / Root(00) para top(01)
Mensaje * / 00:00:01:050 / top(01) para bgpprocessor(03)
Mensaje Y / 00:00:01:050 / bgpprocessor(03) / processorout2 /      1.00000 para top(01)
Mensaje D / 00:00:01:050 / bgpprocessor(03) / 00:00:00:000 para top(01)
Mensaje X / 00:00:01:050 / top(01) / reqin /      1.00000 para inputbuffer(02)
Mensaje D / 00:00:01:050 / inputbuffer(02) / ... para top(01)
Mensaje D / 00:00:01:050 / top(01) / 00:00:00:000 para Root(00)
Mensaje * / 00:00:01:050 / Root(00) para top(01)
Mensaje * / 00:00:01:050 / top(01) para bgpprocessor(03)
Mensaje D / 00:00:01:050 / bgpprocessor(03) / ... para top(01)
Mensaje D / 00:00:01:050 / top(01) / ... para Root(00)
Mensaje X / 00:00:01:055 / Root(00) / in /      5.00000 para top(01)
Mensaje X / 00:00:01:055 / top(01) / in1 /      5.00000 para inputbuffer(02)
Mensaje D / 00:00:01:055 / inputbuffer(02) / 00:00:00:000 para top(01)
Mensaje D / 00:00:01:055 / top(01) / 00:00:00:000 para Root(00)
Mensaje * / 00:00:01:055 / Root(00) para top(01)
Mensaje * / 00:00:01:055 / top(01) para inputbuffer(02)
Mensaje D / 00:00:01:055 / inputbuffer(02) / 00:00:00:000 para top(01)
Mensaje D / 00:00:01:055 / top(01) / 00:00:00:000 para Root(00)
Mensaje * / 00:00:01:055 / Root(00) para top(01)
Mensaje * / 00:00:01:055 / top(01) para inputbuffer(02)
Mensaje D / 00:00:01:055 / inputbuffer(02) / 00:00:00:000 para top(01)
Mensaje D / 00:00:01:055 / top(01) / 00:00:00:000 para Root(00)
Mensaje * / 00:00:01:055 / Root(00) para top(01)
Mensaje * / 00:00:01:055 / top(01) para inputbuffer(02)
Mensaje Y / 00:00:01:055 / inputbuffer(02) / out1 /      5.00000 para top(01)
Mensaje D / 00:00:01:055 / inputbuffer(02) / 00:00:00:000 para top(01)
Mensaje X / 00:00:01:055 / top(01) / processorin1 /      5.00000 para bgpprocessor(03)
Mensaje D / 00:00:01:055 / bgpprocessor(03) / 00:00:00:010 para top(01)
Mensaje D / 00:00:01:055 / top(01) / 00:00:00:000 para Root(00)
Mensaje * / 00:00:01:055 / Root(00) para top(01)
Mensaje * / 00:00:01:055 / top(01) para inputbuffer(02)
Mensaje D / 00:00:01:055 / inputbuffer(02) / ... para top(01)
Mensaje D / 00:00:01:055 / top(01) / 00:00:00:010 para Root(00)
Mensaje * / 00:00:01:065 / Root(00) para top(01)
Mensaje * / 00:00:01:065 / top(01) para bgpprocessor(03)
Mensaje Y / 00:00:01:065 / bgpprocessor(03) / processorout2 /      1.00000 para top(01)
Mensaje D / 00:00:01:065 / bgpprocessor(03) / 00:00:00:000 para top(01)
Mensaje X / 00:00:01:065 / top(01) / reqin /      1.00000 para inputbuffer(02)
Mensaje D / 00:00:01:065 / inputbuffer(02) / ... para top(01)
Mensaje D / 00:00:01:065 / top(01) / 00:00:00:000 para Root(00)
Mensaje * / 00:00:01:065 / Root(00) para top(01)
Mensaje * / 00:00:01:065 / top(01) para bgpprocessor(03)
Mensaje D / 00:00:01:065 / bgpprocessor(03) / ... para top(01)
Mensaje D / 00:00:01:065 / top(01) / ... para Root(00)
Mensaje X / 00:00:01:070 / Root(00) / in /      5.00000 para top(01)
Mensaje X / 00:00:01:070 / top(01) / in1 /      5.00000 para inputbuffer(02)
Mensaje D / 00:00:01:070 / inputbuffer(02) / 00:00:00:000 para top(01)
Mensaje D / 00:00:01:070 / top(01) / 00:00:00:000 para Root(00)
Mensaje * / 00:00:01:070 / Root(00) para top(01)
Mensaje * / 00:00:01:070 / top(01) para inputbuffer(02)
Mensaje D / 00:00:01:070 / inputbuffer(02) / 00:00:00:000 para top(01)
Mensaje D / 00:00:01:070 / top(01) / 00:00:00:000 para Root(00)
Mensaje * / 00:00:01:070 / Root(00) para top(01)
Mensaje * / 00:00:01:070 / top(01) para inputbuffer(02)
Mensaje D / 00:00:01:070 / inputbuffer(02) / 00:00:00:000 para top(01)
Mensaje D / 00:00:01:070 / top(01) / 00:00:00:000 para Root(00)
Mensaje * / 00:00:01:070 / Root(00) para top(01)
Mensaje * / 00:00:01:070 / top(01) para inputbuffer(02)
Mensaje Y / 00:00:01:070 / inputbuffer(02) / out1 /      5.00000 para top(01)
Mensaje D / 00:00:01:070 / inputbuffer(02) / 00:00:00:000 para top(01)
Mensaje X / 00:00:01:070 / top(01) / processorin1 /      5.00000 para bgpprocessor(03)
Mensaje D / 00:00:01:070 / bgpprocessor(03) / 00:00:00:010 para top(01)
Mensaje D / 00:00:01:070 / top(01) / 00:00:00:000 para Root(00)
Mensaje * / 00:00:01:070 / Root(00) para top(01)
Mensaje * / 00:00:01:070 / top(01) para inputbuffer(02)
Mensaje D / 00:00:01:070 / inputbuffer(02) / ... para top(01)
Mensaje D / 00:00:01:070 / top(01) / 00:00:00:010 para Root(00)
Mensaje * / 00:00:01:080 / Root(00) para top(01)
Mensaje * / 00:00:01:080 / top(01) para bgpprocessor(03)
Mensaje Y / 00:00:01:080 / bgpprocessor(03) / processorout2 /      1.00000 para top(01)
Mensaje D / 00:00:01:080 / bgpprocessor(03) / 00:00:00:000 para top(01)
Mensaje X / 00:00:01:080 / top(01) / reqin /      1.00000 para inputbuffer(02)
Mensaje D / 00:00:01:080 / inputbuffer(02) / ... para top(01)
Mensaje D / 00:00:01:080 / top(01) / 00:00:00:000 para Root(00)
Mensaje * / 00:00:01:080 / Root(00) para top(01)
Mensaje * / 00:00:01:080 / top(01) para bgpprocessor(03)
Mensaje D / 00:00:01:080 / bgpprocessor(03) / ... para top(01)
Mensaje D / 00:00:01:080 / top(01) / ... para Root(00)
Mensaje X / 00:00:01:085 / Root(00) / in /      5.00000 para top(01)
Mensaje X / 00:00:01:085 / top(01) / in1 /      5.00000 para inputbuffer(02)
Mensaje D / 00:00:01:085 / inputbuffer(02) / 00:00:00:000 para top(01)
Mensaje D / 00:00:01:085 / top(01) / 00:00:00:000 para Root(00)
Mensaje * / 00:00:01:085 / Root(00) para top(01)
Mensaje * / 00:00:01:085 / top(01) para inputbuffer(02)
Mensaje D / 00:00:01:085 / inputbuffer(02) / 00:00:00:000 para top(01)
Mensaje D / 00:00:01:085 / top(01) / 00:00:00:000 para Root(00)
Mensaje * / 00:00:01:085 / Root(00) para top(01)
Mensaje * / 00:00:01:085 / top(01) para inputbuffer(02)
Mensaje D / 00:00:01:085 / inputbuffer(02) / 00:00:00:000 para top(01)
Mensaje D / 00:00:01:085 / top(01) / 00:00:00:000 para Root(00)
Mensaje * / 00:00:01:085 / Root(00) para top(01)
Mensaje * / 00:00:01:085 / top(01) para inputbuffer(02)
Mensaje Y / 00:00:01:085 / inputbuffer(02) / out1 /      5.00000 para top(01)
Mensaje D / 00:00:01:085 / inputbuffer(02) / 00:00:00:000 para top(01)
Mensaje X / 00:00:01:085 / top(01) / processorin1 /      5.00000 para bgpprocessor(03)
Mensaje D / 00:00:01:085 / bgpprocessor(03) / 00:00:00:010 para top(01)
Mensaje D / 00:00:01:085 / top(01) / 00:00:00:000 para Root(00)
Mensaje * / 00:00:01:085 / Root(00) para top(01)
Mensaje * / 00:00:01:085 / top(01) para inputbuffer(02)
Mensaje D / 00:00:01:085 / inputbuffer(02) / ... para top(01)
Mensaje D / 00:00:01:085 / top(01) / 00:00:00:010 para Root(00)
Mensaje * / 00:00:01:095 / Root(00) para top(01)
Mensaje * / 00:00:01:095 / top(01) para bgpprocessor(03)
Mensaje Y / 00:00:01:095 / bgpprocessor(03) / processorout2 /      1.00000 para top(01)
Mensaje D / 00:00:01:095 / bgpprocessor(03) / 00:00:00:000 para top(01)
Mensaje X / 00:00:01:095 / top(01) / reqin /      1.00000 para inputbuffer(02)
Mensaje D / 00:00:01:095 / inputbuffer(02) / ... para top(01)
Mensaje D / 00:00:01:095 / top(01) / 00:00:00:000 para Root(00)
Mensaje * / 00:00:01:095 / Root(00) para top(01)
Mensaje * / 00:00:01:095 / top(01) para bgpprocessor(03)
Mensaje D / 00:00:01:095 / bgpprocessor(03) / ... para top(01)
Mensaje D / 00:00:01:095 / top(01) / ... para Root(00)
Mensaje X / 00:00:02:000 / Root(00) / in /      9.00000 para top(01)
Mensaje X / 00:00:02:000 / top(01) / in1 /      9.00000 para inputbuffer(02)
Mensaje D / 00:00:02:000 / inputbuffer(02) / 00:00:00:000 para top(01)
Mensaje D / 00:00:02:000 / top(01) / 00:00:00:000 para Root(00)
Mensaje * / 00:00:02:000 / Root(00) para top(01)
Mensaje * / 00:00:02:000 / top(01) para inputbuffer(02)
Mensaje D / 00:00:02:000 / inputbuffer(02) / 00:00:00:000 para top(01)
Mensaje D / 00:00:02:000 / top(01) / 00:00:00:000 para Root(00)
Mensaje * / 00:00:02:000 / Root(00) para top(01)
Mensaje * / 00:00:02:000 / top(01) para inputbuffer(02)
Mensaje D / 00:00:02:000 / inputbuffer(02) / 00:00:00:000 para top(01)
Mensaje D / 00:00:02:000 / top(01) / 00:00:00:000 para Root(00)
Mensaje * / 00:00:02:000 / Root(00) para top(01)
Mensaje * / 00:00:02:000 / top(01) para inputbuffer(02)
Mensaje Y / 00:00:02:000 / inputbuffer(02) / out1 /      9.00000 para top(01)
Mensaje D / 00:00:02:000 / inputbuffer(02) / 00:00:00:000 para top(01)
Mensaje X / 00:00:02:000 / top(01) / processorin1 /      9.00000 para bgpprocessor(03)
Mensaje D / 00:00:02:000 / bgpprocessor(03) / 00:00:00:010 para top(01)
Mensaje D / 00:00:02:000 / top(01) / 00:00:00:000 para Root(00)
Mensaje * / 00:00:02:000 / Root(00) para top(01)
Mensaje * / 00:00:02:000 / top(01) para inputbuffer(02)
Mensaje D / 00:00:02:000 / inputbuffer(02) / ... para top(01)
Mensaje D / 00:00:02:000 / top(01) / 00:00:00:010 para Root(00)
Mensaje * / 00:00:02:010 / Root(00) para top(01)
Mensaje * / 00:00:02:010 / top(01) para bgpprocessor(03)
Mensaje Y / 00:00:02:010 / bgpprocessor(03) / processorout1 /      9.00000 para top(01)
Mensaje Y / 00:00:02:010 / bgpprocessor(03) / processorout2 /      1.00000 para top(01)
Mensaje D / 00:00:02:010 / bgpprocessor(03) / 00:00:00:000 para top(01)
Mensaje Y / 00:00:02:010 / top(01) / out /      9.00000 para Root(00)
Mensaje X / 00:00:02:010 / top(01) / reqin /      1.00000 para inputbuffer(02)
Mensaje D / 00:00:02:010 / inputbuffer(02) / ... para top(01)
Mensaje D / 00:00:02:010 / top(01) / 00:00:00:000 para Root(00)
Mensaje * / 00:00:02:010 / Root(00) para top(01)
Mensaje * / 00:00:02:010 / top(01) para bgpprocessor(03)
Mensaje D / 00:00:02:010 / bgpprocessor(03) / ... para top(01)
Mensaje D / 00:00:02:010 / top(01) / ... para Root(00)
